<?xml version="1.0" encoding="UTF-8"?>
<!-- Generated by org.testng.reporters.JUnitXMLReporter -->
<testsuite ignored="0" hostname="NikkyRohit" failures="0" tests="2" name="FAcebook PRofile TEst Case" time="0.009" errors="0" timestamp="2026-03-15T16:26:25 IST">
  <testcase classname="TestNGPractice.FaceBookProfileTEst" name="checkProfileLink" time="0.001"/>
  <testcase classname="TestNGPractice.FaceBookProfileTEst" name="checkProfileLogo" time="0.002"/>
</testsuite> <!-- FAcebook PRofile TEst Case -->
