<?xml version="1.0" encoding="UTF-8"?>
<!-- Generated by org.testng.reporters.JUnitXMLReporter -->
<testsuite ignored="0" hostname="NikkyRohit" failures="0" tests="4" name="Sample TEst Case For PAckage" time="0.019" errors="0" timestamp="2026-03-15T16:26:25 IST">
  <testcase classname="com.TestNG.Training.SampleClassTestTwo" name="SampleTEstTwoMEthodOne" time="0.001"/>
  <testcase classname="com.TestNG.Training.SampleClassTestTwo" name="SampleTEstTwoMEthodTWo" time="0.001"/>
  <testcase classname="com.TestNG.Training.SampleTestone" name="SampleTEstOneMEthodOne" time="0.002"/>
  <testcase classname="com.TestNG.Training.SampleTestone" name="SampleTEstOneMEthodTWo" time="0.002"/>
</testsuite> <!-- Sample TEst Case For PAckage -->
