<?xml version="1.0" encoding="UTF-8"?>
<!-- Generated by org.testng.reporters.JUnitXMLReporter -->
<testsuite ignored="0" hostname="NikkyRohit" failures="0" tests="3" name="Default test" time="0.056" errors="0" timestamp="2026-03-13T18:33:21 IST">
  <testcase classname="TestNGPractice.FacebookLoginTest" name="loginWithINValidCredentials" time="0.008"/>
  <testcase classname="TestNGPractice.FacebookLoginTest" name="loginWithValidCredentials" time="0.002"/>
  <testcase classname="TestNGPractice.SampleTest" name="testMethod" time="0.003"/>
</testsuite> <!-- Default test -->
