<?xml version="1.0" encoding="UTF-8"?>
<testng-results ignored="0" total="4" passed="4" failed="0" skipped="0">
  <reporter-output>
  </reporter-output>
  <suite started-at="2026-03-13T18:44:37 IST" name="Facebook Login" finished-at="2026-03-13T18:44:37 IST" duration-ms="133">
    <groups>
    </groups>
    <test started-at="2026-03-13T18:44:37 IST" name="Test" finished-at="2026-03-13T18:44:37 IST" duration-ms="57">
      <class name="TestNGPractice.FacebookLoginTest">
        <test-method signature="loginWithINValidCredentials()[pri:0, instance:TestNGPractice.FacebookLoginTest@564fabc8]" started-at="2026-03-13T18:44:37 IST" name="loginWithINValidCredentials" finished-at="2026-03-13T18:44:37 IST" duration-ms="8" status="PASS">
          <reporter-output>
          </reporter-output>
        </test-method> <!-- loginWithINValidCredentials -->
        <test-method signature="loginWithValidCredentials()[pri:0, instance:TestNGPractice.FacebookLoginTest@564fabc8]" started-at="2026-03-13T18:44:37 IST" name="loginWithValidCredentials" finished-at="2026-03-13T18:44:37 IST" duration-ms="3" status="PASS">
          <reporter-output>
          </reporter-output>
        </test-method> <!-- loginWithValidCredentials -->
      </class> <!-- TestNGPractice.FacebookLoginTest -->
    </test> <!-- Test -->
    <test started-at="2026-03-13T18:44:37 IST" name="FAcebook PRofile TEst Case" finished-at="2026-03-13T18:44:37 IST" duration-ms="10">
      <class name="TestNGPractice.FaceBookProfileTEst">
        <test-method signature="checkProfileLink()[pri:0, instance:TestNGPractice.FaceBookProfileTEst@6c6cb480]" started-at="2026-03-13T18:44:37 IST" name="checkProfileLink" finished-at="2026-03-13T18:44:37 IST" duration-ms="2" status="PASS">
          <reporter-output>
          </reporter-output>
        </test-method> <!-- checkProfileLink -->
        <test-method signature="checkProfileLogo()[pri:0, instance:TestNGPractice.FaceBookProfileTEst@6c6cb480]" started-at="2026-03-13T18:44:37 IST" name="checkProfileLogo" finished-at="2026-03-13T18:44:37 IST" duration-ms="2" status="PASS">
          <reporter-output>
          </reporter-output>
        </test-method> <!-- checkProfileLogo -->
      </class> <!-- TestNGPractice.FaceBookProfileTEst -->
    </test> <!-- FAcebook PRofile TEst Case -->
  </suite> <!-- Facebook Login -->
</testng-results>
