<?xml version="1.0" encoding="UTF-8"?>
<testng-results ignored="0" total="5" passed="5" failed="0" skipped="0">
  <reporter-output>
  </reporter-output>
  <suite started-at="2026-03-16T01:30:25 IST" name="Data provider " finished-at="2026-03-16T01:30:25 IST" duration-ms="159">
    <groups>
    </groups>
    <test started-at="2026-03-16T01:30:25 IST" name="Unit TEst" finished-at="2026-03-16T01:30:25 IST" duration-ms="71">
      <class name="comm.testng.dataprovider.dataProviderParameterExample">
        <test-method signature="commonScenario(java.lang.String)[pri:0, instance:comm.testng.dataprovider.dataProviderParameterExample@16d04d3d]" started-at="2026-03-16T01:30:25 IST" name="commonScenario" data-provider="scenrioData" finished-at="2026-03-16T01:30:25 IST" duration-ms="8" status="PASS">
          <params>
            <param index="0">
              <value>
                <![CDATA[Common scenario data]]>
              </value>
            </param>
          </params>
          <reporter-output>
          </reporter-output>
        </test-method> <!-- commonScenario -->
        <test-method signature="scenario1(java.lang.String)[pri:0, instance:comm.testng.dataprovider.dataProviderParameterExample@16d04d3d]" started-at="2026-03-16T01:30:25 IST" name="scenario1" data-provider="scenrioData" finished-at="2026-03-16T01:30:25 IST" duration-ms="2" status="PASS">
          <params>
            <param index="0">
              <value>
                <![CDATA[Scenario1 data]]>
              </value>
            </param>
          </params>
          <reporter-output>
          </reporter-output>
        </test-method> <!-- scenario1 -->
        <test-method signature="scenario2(java.lang.String)[pri:0, instance:comm.testng.dataprovider.dataProviderParameterExample@16d04d3d]" started-at="2026-03-16T01:30:25 IST" name="scenario2" data-provider="scenrioData" finished-at="2026-03-16T01:30:25 IST" duration-ms="2" status="PASS">
          <params>
            <param index="0">
              <value>
                <![CDATA[Scenario2 data]]>
              </value>
            </param>
          </params>
          <reporter-output>
          </reporter-output>
        </test-method> <!-- scenario2 -->
      </class> <!-- comm.testng.dataprovider.dataProviderParameterExample -->
    </test> <!-- Unit TEst -->
    <test started-at="2026-03-16T01:30:25 IST" name="IntegrationLeve" finished-at="2026-03-16T01:30:25 IST" duration-ms="7">
      <class name="comm.testng.dataprovider.DataProviderIntegrationExample">
        <test-method signature="integrationTest(java.lang.String)[pri:0, instance:comm.testng.dataprovider.DataProviderIntegrationExample@6c6cb480]" started-at="2026-03-16T01:30:25 IST" name="integrationTest" data-provider="TestType" finished-at="2026-03-16T01:30:25 IST" duration-ms="2" status="PASS">
          <params>
            <param index="0">
              <value>
                <![CDATA[Common test data]]>
              </value>
            </param>
          </params>
          <reporter-output>
          </reporter-output>
        </test-method> <!-- integrationTest -->
      </class> <!-- comm.testng.dataprovider.DataProviderIntegrationExample -->
    </test> <!-- IntegrationLeve -->
    <test started-at="2026-03-16T01:30:25 IST" name="AcceptanceLevel" finished-at="2026-03-16T01:30:25 IST" duration-ms="6">
      <class name="comm.testng.dataprovider.DataProviderAcceptanceExample">
        <test-method signature="acceptanceTest(java.lang.String)[pri:0, instance:comm.testng.dataprovider.DataProviderAcceptanceExample@292b08d6]" started-at="2026-03-16T01:30:25 IST" name="acceptanceTest" data-provider="TestType" finished-at="2026-03-16T01:30:25 IST" duration-ms="2" status="PASS">
          <params>
            <param index="0">
              <value>
                <![CDATA[Accepance test data]]>
              </value>
            </param>
          </params>
          <reporter-output>
          </reporter-output>
        </test-method> <!-- acceptanceTest -->
      </class> <!-- comm.testng.dataprovider.DataProviderAcceptanceExample -->
    </test> <!-- AcceptanceLevel -->
  </suite> <!-- Data provider  -->
</testng-results>
