<?xml version="1.0" encoding="UTF-8"?>
<!-- Generated by org.testng.reporters.JUnitReportReporter -->
<testsuite hostname="NikkyRohit" failures="0" tests="2" name="TestNGPractice.FaceBookProfileTEst" time="0.004" errors="0" timestamp="2026-03-13T18:44:37 IST" skipped="0">
  <testcase classname="TestNGPractice.FaceBookProfileTEst" name="checkProfileLogo" time="0.002"/>
  <testcase classname="TestNGPractice.FaceBookProfileTEst" name="checkProfileLink" time="0.002"/>
</testsuite> <!-- TestNGPractice.FaceBookProfileTEst -->
