<?xml version="1.0" encoding="UTF-8"?>
<!-- Generated by org.testng.reporters.JUnitReportReporter -->
<testsuite hostname="NikkyRohit" failures="0" tests="3" name="comm.testng.dataprovider.dataProviderParameterExample" time="0.003" errors="0" timestamp="2026-03-16T02:51:41 IST" skipped="0">
  <testcase classname="comm.testng.dataprovider.dataProviderParameterExample" name="commonScenario" time="0.001"/>
  <testcase classname="comm.testng.dataprovider.dataProviderParameterExample" name="scenario2" time="0.001"/>
  <testcase classname="comm.testng.dataprovider.dataProviderParameterExample" name="scenario1" time="0.001"/>
</testsuite> <!-- comm.testng.dataprovider.dataProviderParameterExample -->
