<?xml version="1.0" encoding="UTF-8"?>
<!-- Generated by org.testng.reporters.JUnitReportReporter -->
<testsuite hostname="NikkyRohit" failures="0" tests="2" name="comm.testng.dataprovider.TestPArameerExample" time="0.015" errors="0" timestamp="2026-03-16T00:38:56 IST" skipped="0">
  <testcase classname="comm.testng.dataprovider.TestPArameerExample" name="testAdd" time="0.014"/>
  <testcase classname="comm.testng.dataprovider.TestPArameerExample" name="testAdd" time="0.001"/>
</testsuite> <!-- comm.testng.dataprovider.TestPArameerExample -->
