<?xml version="1.0" encoding="UTF-8"?>
<!-- Generated by org.testng.reporters.JUnitReportReporter -->
<testsuite hostname="NikkyRohit" failures="0" tests="2" name="com.TestNG.Training.SampleClassTestTwo" time="0.002" errors="0" timestamp="2026-03-15T16:26:25 IST" skipped="0">
  <testcase classname="com.TestNG.Training.SampleClassTestTwo" name="SampleTEstTwoMEthodOne" time="0.001"/>
  <testcase classname="com.TestNG.Training.SampleClassTestTwo" name="SampleTEstTwoMEthodTWo" time="0.001"/>
</testsuite> <!-- com.TestNG.Training.SampleClassTestTwo -->
