<?xml version="1.0" encoding="UTF-8"?>
<!-- Generated by org.testng.reporters.JUnitReportReporter -->
<testsuite hostname="NikkyRohit" failures="0" tests="2" name="com.TestNG.Training.TestPArameters" time="0.004" errors="0" timestamp="2026-03-16T02:51:41 IST" skipped="0">
  <testcase classname="com.TestNG.Training.TestPArameters" name="testCaseOne" time="0.002"/>
  <testcase classname="com.TestNG.Training.TestPArameters" name="testCaseTwo" time="0.002"/>
</testsuite> <!-- com.TestNG.Training.TestPArameters -->
