<?xml version="1.0" encoding="UTF-8"?>
<!-- Generated by org.testng.reporters.JUnitReportReporter -->
<testsuite hostname="NikkyRohit" failures="0" tests="2" name="com.TestNG.Training.TestCaseGrouping" time="0.011" errors="0" timestamp="2026-03-15T23:17:39 IST" skipped="0">
  <testcase classname="com.TestNG.Training.TestCaseGrouping" name="testOne" time="0.009"/>
  <testcase classname="com.TestNG.Training.TestCaseGrouping" name="testTwo" time="0.002"/>
</testsuite> <!-- com.TestNG.Training.TestCaseGrouping -->
