<?xml version="1.0" encoding="UTF-8"?>
<!-- Generated by org.testng.reporters.JUnitReportReporter -->
<testsuite hostname="NikkyRohit" failures="0" tests="2" name="com.TestNG.Training.SampleTestone" time="0.004" errors="0" timestamp="2026-03-15T16:26:25 IST" skipped="0">
  <testcase classname="com.TestNG.Training.SampleTestone" name="SampleTEstOneMEthodTWo" time="0.002"/>
  <testcase classname="com.TestNG.Training.SampleTestone" name="SampleTEstOneMEthodOne" time="0.002"/>
</testsuite> <!-- com.TestNG.Training.SampleTestone -->
