<?xml version="1.0" encoding="UTF-8"?>
<!-- Generated by org.testng.reporters.JUnitReportReporter -->
<testsuite hostname="NikkyRohit" failures="0" tests="4" name="com.TestNG.Training.ProrityExample" time="0.015" errors="0" timestamp="2026-03-15T19:32:44 IST" skipped="0">
  <testcase classname="com.TestNG.Training.ProrityExample" name="testOne" time="0.010"/>
  <testcase classname="com.TestNG.Training.ProrityExample" name="testTwo" time="0.002"/>
  <testcase classname="com.TestNG.Training.ProrityExample" name="testThree" time="0.001"/>
  <testcase classname="com.TestNG.Training.ProrityExample" name="testFour" time="0.002"/>
</testsuite> <!-- com.TestNG.Training.ProrityExample -->
