<?xml version="1.0" encoding="UTF-8"?>
<!-- Generated by org.testng.reporters.JUnitReportReporter -->
<testsuite hostname="NikkyRohit" failures="0" tests="2" name="TestNGPractice.FacebookLoginTest" time="0.011" errors="0" timestamp="2026-03-15T16:26:25 IST" skipped="0">
  <testcase classname="TestNGPractice.FacebookLoginTest" name="loginWithINValidCredentials" time="0.010"/>
  <testcase classname="TestNGPractice.FacebookLoginTest" name="loginWithValidCredentials" time="0.001"/>
</testsuite> <!-- TestNGPractice.FacebookLoginTest -->
