<?xml version="1.0" encoding="UTF-8"?>
<!-- Generated by org.testng.reporters.JUnitReportReporter -->
<testsuite hostname="NikkyRohit" failures="0" tests="4" name="com.TestNG.Training.SkippingExample" time="0.020" errors="0" timestamp="2026-03-15T19:28:04 IST" skipped="2">
  <testcase classname="com.TestNG.Training.SkippingExample" name="testFour" time="0.012"/>
  <testcase classname="com.TestNG.Training.SkippingExample" name="testOne" time="0.002"/>
  <testcase classname="com.TestNG.Training.SkippingExample" name="testThree" time="0.006">
    <skipped/>
  </testcase> <!-- testThree -->
  <testcase classname="com.TestNG.Training.SkippingExample" name="testTwo">
    <skipped/>
  </testcase> <!-- testTwo -->
</testsuite> <!-- com.TestNG.Training.SkippingExample -->
