<?xml version="1.0" encoding="UTF-8"?>
<!-- Generated by org.testng.reporters.JUnitXMLReporter -->
<testsuite ignored="0" hostname="NikkyRohit" failures="1" tests="5" name="Listener Test Case" time="0.085" errors="0" timestamp="2026-03-16T02:53:54 IST">
  <testcase classname="commm.testng.listners.SampleTestClass" name="testFour" time="0.01">
    <skipped/>
  </testcase> <!-- testFour -->
  <testcase classname="commm.testng.listners.SampleTestClass" name="testGetData" time="0.003"/>
  <testcase classname="commm.testng.listners.SampleTestClass" name="testGetData" time="0.0"/>
  <testcase classname="commm.testng.listners.SampleTestClass" name="testOne" time="0.002"/>
  <testcase classname="commm.testng.listners.SampleTestClass" name="testThree" time="0.008">
    <failure type="java.lang.AssertionError" message="expected [7] but found [5]">
      <![CDATA[java.lang.AssertionError: expected [7] but found [5]
at commm.testng.listners.SampleTestClass.testThree(SampleTestClass.java:27)
at java.base/java.util.ArrayList.forEach(ArrayList.java:1596)
... Removed 32 stack frames]]>
    </failure>
  </testcase> <!-- testThree -->
</testsuite> <!-- Listener Test Case -->
